{"__type":"$$EventMessageAudit","id":"f55cdaa1-50b5-44bc-b1a3-ba12d7b511e7","ts":"2025-04-24T11:44:11.402+00:00","eventName":"n8n.audit.user.login.success","message":"n8n.audit.user.login.success","payload":{"userId":"ce682fe5-410d-483b-9260-1b3f618e03e0","_email":"frexozagsap@yandex.ru","_firstName":"Ivan","_lastName":"Hrustalev","globalRole":"global:owner","authenticationMethod":"email"}}
{"__type":"$$EventMessageConfirm","confirm":"f55cdaa1-50b5-44bc-b1a3-ba12d7b511e7","ts":"2025-04-24T11:44:11.415+00:00","source":{"id":"0","name":"eventBus"}}
{"__type":"$$EventMessageAudit","id":"a5dd9323-ba8b-4a31-b7a4-cc49b8cb6a36","ts":"2025-04-24T11:46:12.573+00:00","eventName":"n8n.audit.user.credentials.created","message":"n8n.audit.user.credentials.created","payload":{"userId":"ce682fe5-410d-483b-9260-1b3f618e03e0","_email":"frexozagsap@yandex.ru","_firstName":"Ivan","_lastName":"Hrustalev","globalRole":"global:owner","credentialType":"telegramApi","credentialId":"6No5sdjvckOQfSm8","publicApi":false,"projectId":"lKV4Z2ovSVasyF4c","projectType":"personal"}}
{"__type":"$$EventMessageConfirm","confirm":"a5dd9323-ba8b-4a31-b7a4-cc49b8cb6a36","ts":"2025-04-24T11:46:12.574+00:00","source":{"id":"0","name":"eventBus"}}
{"__type":"$$EventMessageAudit","id":"b85c66a0-013b-499e-8062-f11defb90028","ts":"2025-04-24T07:46:34.849-04:00","eventName":"n8n.audit.workflow.updated","message":"n8n.audit.workflow.updated","payload":{"userId":"ce682fe5-410d-483b-9260-1b3f618e03e0","_email":"frexozagsap@yandex.ru","_firstName":"Ivan","_lastName":"Hrustalev","globalRole":"global:owner","workflowId":"8GNTSnv9GrXCwgdU","workflowName":"My workflow"}}
{"__type":"$$EventMessageConfirm","confirm":"b85c66a0-013b-499e-8062-f11defb90028","ts":"2025-04-24T07:46:34.849-04:00","source":{"id":"0","name":"eventBus"}}
{"__type":"$$EventMessageAudit","id":"7ae5e19b-405e-4161-8250-d2eb29b7880d","ts":"2025-04-24T09:01:11.293-04:00","eventName":"n8n.audit.workflow.updated","message":"n8n.audit.workflow.updated","payload":{"userId":"ce682fe5-410d-483b-9260-1b3f618e03e0","_email":"frexozagsap@yandex.ru","_firstName":"Ivan","_lastName":"Hrustalev","globalRole":"global:owner","workflowId":"8GNTSnv9GrXCwgdU","workflowName":"My workflow"}}
{"__type":"$$EventMessageConfirm","confirm":"7ae5e19b-405e-4161-8250-d2eb29b7880d","ts":"2025-04-24T09:01:11.294-04:00","source":{"id":"0","name":"eventBus"}}
{"__type":"$$EventMessageAudit","id":"7596e738-f77a-4c33-a64a-ef7b520ff3dd","ts":"2025-04-24T09:05:58.204-04:00","eventName":"n8n.audit.user.credentials.created","message":"n8n.audit.user.credentials.created","payload":{"userId":"ce682fe5-410d-483b-9260-1b3f618e03e0","_email":"frexozagsap@yandex.ru","_firstName":"Ivan","_lastName":"Hrustalev","globalRole":"global:owner","credentialType":"postgres","credentialId":"PybROpP8Kh8Y0Ci9","publicApi":false,"projectId":"lKV4Z2ovSVasyF4c","projectType":"personal"}}
{"__type":"$$EventMessageConfirm","confirm":"7596e738-f77a-4c33-a64a-ef7b520ff3dd","ts":"2025-04-24T09:05:58.204-04:00","source":{"id":"0","name":"eventBus"}}
{"__type":"$$EventMessageWorkflow","id":"2e5d941c-a13d-4d37-aacb-cb690292f73c","ts":"2025-04-24T09:11:39.543-04:00","eventName":"n8n.workflow.started","message":"n8n.workflow.started","payload":{"executionId":"5","workflowId":"8GNTSnv9GrXCwgdU","isManual":false,"workflowName":"My workflow"}}
{"__type":"$$EventMessageConfirm","confirm":"2e5d941c-a13d-4d37-aacb-cb690292f73c","ts":"2025-04-24T09:11:39.543-04:00","source":{"id":"0","name":"eventBus"}}
{"__type":"$$EventMessageNode","id":"fc7436b3-17c3-4002-8919-865f32a02928","ts":"2025-04-24T09:11:39.545-04:00","eventName":"n8n.node.started","message":"n8n.node.started","payload":{"workflowId":"8GNTSnv9GrXCwgdU","workflowName":"My workflow","executionId":"5","nodeType":"n8n-nodes-base.telegramTrigger","nodeName":"Getting request"}}
{"__type":"$$EventMessageConfirm","confirm":"fc7436b3-17c3-4002-8919-865f32a02928","ts":"2025-04-24T09:11:39.553-04:00","source":{"id":"0","name":"eventBus"}}
{"__type":"$$EventMessageNode","id":"c548aa01-d43d-48e4-9e26-4e3650944f7b","ts":"2025-04-24T09:11:39.555-04:00","eventName":"n8n.node.finished","message":"n8n.node.finished","payload":{"workflowId":"8GNTSnv9GrXCwgdU","workflowName":"My workflow","executionId":"5","nodeType":"n8n-nodes-base.telegramTrigger","nodeName":"Getting request"}}
{"__type":"$$EventMessageConfirm","confirm":"c548aa01-d43d-48e4-9e26-4e3650944f7b","ts":"2025-04-24T09:11:39.555-04:00","source":{"id":"0","name":"eventBus"}}
{"__type":"$$EventMessageNode","id":"d3e120a1-ba8e-4b01-b637-8ef863b34c61","ts":"2025-04-24T09:11:39.556-04:00","eventName":"n8n.node.started","message":"n8n.node.started","payload":{"workflowId":"8GNTSnv9GrXCwgdU","workflowName":"My workflow","executionId":"5","nodeType":"n8n-nodes-base.if","nodeName":"start handler"}}
{"__type":"$$EventMessageConfirm","confirm":"d3e120a1-ba8e-4b01-b637-8ef863b34c61","ts":"2025-04-24T09:11:39.556-04:00","source":{"id":"0","name":"eventBus"}}
{"__type":"$$EventMessageNode","id":"adccf7c7-9231-41aa-8c94-d9586c80231a","ts":"2025-04-24T09:11:39.576-04:00","eventName":"n8n.node.finished","message":"n8n.node.finished","payload":{"workflowId":"8GNTSnv9GrXCwgdU","workflowName":"My workflow","executionId":"5","nodeType":"n8n-nodes-base.if","nodeName":"start handler"}}
{"__type":"$$EventMessageConfirm","confirm":"adccf7c7-9231-41aa-8c94-d9586c80231a","ts":"2025-04-24T09:11:39.576-04:00","source":{"id":"0","name":"eventBus"}}
{"__type":"$$EventMessageNode","id":"e85cb9d3-d84f-4101-923d-b0589ff06f82","ts":"2025-04-24T09:11:39.577-04:00","eventName":"n8n.node.started","message":"n8n.node.started","payload":{"workflowId":"8GNTSnv9GrXCwgdU","workflowName":"My workflow","executionId":"5","nodeType":"n8n-nodes-base.code","nodeName":"sanitizer"}}
{"__type":"$$EventMessageConfirm","confirm":"e85cb9d3-d84f-4101-923d-b0589ff06f82","ts":"2025-04-24T09:11:39.577-04:00","source":{"id":"0","name":"eventBus"}}
{"__type":"$$EventMessageNode","id":"fe0c2d1d-f7bb-4553-a490-d35faa122b94","ts":"2025-04-24T09:11:39.649-04:00","eventName":"n8n.node.finished","message":"n8n.node.finished","payload":{"workflowId":"8GNTSnv9GrXCwgdU","workflowName":"My workflow","executionId":"5","nodeType":"n8n-nodes-base.code","nodeName":"sanitizer"}}
{"__type":"$$EventMessageConfirm","confirm":"fe0c2d1d-f7bb-4553-a490-d35faa122b94","ts":"2025-04-24T09:11:39.649-04:00","source":{"id":"0","name":"eventBus"}}
{"__type":"$$EventMessageWorkflow","id":"48f0cadc-c791-4410-a56d-c2f1f25a6202","ts":"2025-04-24T09:11:39.657-04:00","eventName":"n8n.workflow.failed","message":"n8n.workflow.failed","payload":{"executionId":"5","userId":"ce682fe5-410d-483b-9260-1b3f618e03e0","success":false,"isManual":true,"workflowId":"8GNTSnv9GrXCwgdU","workflowName":"My workflow","lastNodeExecuted":"sanitizer","errorNodeType":"n8n-nodes-base.code","errorMessage":"Cannot read properties of undefined (reading 'text') [line 1]"}}
{"__type":"$$EventMessageConfirm","confirm":"48f0cadc-c791-4410-a56d-c2f1f25a6202","ts":"2025-04-24T09:11:39.657-04:00","source":{"id":"0","name":"eventBus"}}
{"__type":"$$EventMessageWorkflow","id":"61648d95-4570-4cbe-90bf-52c4fdd68e04","ts":"2025-04-24T09:11:48.477-04:00","eventName":"n8n.workflow.started","message":"n8n.workflow.started","payload":{"executionId":"6","workflowId":"8GNTSnv9GrXCwgdU","isManual":false,"workflowName":"My workflow"}}
{"__type":"$$EventMessageConfirm","confirm":"61648d95-4570-4cbe-90bf-52c4fdd68e04","ts":"2025-04-24T09:11:48.477-04:00","source":{"id":"0","name":"eventBus"}}
{"__type":"$$EventMessageWorkflow","id":"5245b496-a775-4343-a811-2bc3c92a9010","ts":"2025-04-24T09:11:48.483-04:00","eventName":"n8n.workflow.success","message":"n8n.workflow.success","payload":{"executionId":"6","userId":"ce682fe5-410d-483b-9260-1b3f618e03e0","success":true,"isManual":true,"workflowId":"8GNTSnv9GrXCwgdU","workflowName":"My workflow"}}
{"__type":"$$EventMessageConfirm","confirm":"5245b496-a775-4343-a811-2bc3c92a9010","ts":"2025-04-24T09:11:48.483-04:00","source":{"id":"0","name":"eventBus"}}
{"__type":"$$EventMessageWorkflow","id":"cb78f627-f1e2-44ca-9762-d379115bd165","ts":"2025-04-24T09:12:12.820-04:00","eventName":"n8n.workflow.failed","message":"n8n.workflow.failed","payload":{"executionId":"7","userId":"ce682fe5-410d-483b-9260-1b3f618e03e0","success":false,"isManual":true,"workflowId":"8GNTSnv9GrXCwgdU","workflowName":"My workflow","errorMessage":"The workflow has issues and cannot be executed for that reason. Please fix them first."}}
{"__type":"$$EventMessageConfirm","confirm":"cb78f627-f1e2-44ca-9762-d379115bd165","ts":"2025-04-24T09:12:12.820-04:00","source":{"id":"0","name":"eventBus"}}
{"__type":"$$EventMessageWorkflow","id":"199f524f-2c8b-4187-ba62-d7c78b8b0e7f","ts":"2025-04-24T09:12:16.415-04:00","eventName":"n8n.workflow.started","message":"n8n.workflow.started","payload":{"executionId":"8","workflowId":"8GNTSnv9GrXCwgdU","isManual":false,"workflowName":"My workflow"}}
{"__type":"$$EventMessageConfirm","confirm":"199f524f-2c8b-4187-ba62-d7c78b8b0e7f","ts":"2025-04-24T09:12:16.415-04:00","source":{"id":"0","name":"eventBus"}}
{"__type":"$$EventMessageWorkflow","id":"7d1530bd-d498-4613-9552-99d557d95072","ts":"2025-04-24T09:12:16.422-04:00","eventName":"n8n.workflow.success","message":"n8n.workflow.success","payload":{"executionId":"8","userId":"ce682fe5-410d-483b-9260-1b3f618e03e0","success":true,"isManual":true,"workflowId":"8GNTSnv9GrXCwgdU","workflowName":"My workflow"}}
{"__type":"$$EventMessageConfirm","confirm":"7d1530bd-d498-4613-9552-99d557d95072","ts":"2025-04-24T09:12:16.422-04:00","source":{"id":"0","name":"eventBus"}}
{"__type":"$$EventMessageWorkflow","id":"ff34528a-8095-4654-9925-a8152351977b","ts":"2025-04-24T09:12:21.507-04:00","eventName":"n8n.workflow.failed","message":"n8n.workflow.failed","payload":{"executionId":"9","userId":"ce682fe5-410d-483b-9260-1b3f618e03e0","success":false,"isManual":true,"workflowId":"8GNTSnv9GrXCwgdU","workflowName":"My workflow","errorMessage":"The workflow has issues and cannot be executed for that reason. Please fix them first."}}
{"__type":"$$EventMessageConfirm","confirm":"ff34528a-8095-4654-9925-a8152351977b","ts":"2025-04-24T09:12:21.507-04:00","source":{"id":"0","name":"eventBus"}}
{"__type":"$$EventMessageWorkflow","id":"1ddfa11f-6c10-45bf-ab5f-2764072ca6cc","ts":"2025-04-24T09:12:30.787-04:00","eventName":"n8n.workflow.started","message":"n8n.workflow.started","payload":{"executionId":"10","workflowId":"8GNTSnv9GrXCwgdU","isManual":false,"workflowName":"My workflow"}}
{"__type":"$$EventMessageConfirm","confirm":"1ddfa11f-6c10-45bf-ab5f-2764072ca6cc","ts":"2025-04-24T09:12:30.787-04:00","source":{"id":"0","name":"eventBus"}}
{"__type":"$$EventMessageWorkflow","id":"0b3a737f-7004-4688-8929-01a7de79688c","ts":"2025-04-24T09:12:30.793-04:00","eventName":"n8n.workflow.success","message":"n8n.workflow.success","payload":{"executionId":"10","userId":"ce682fe5-410d-483b-9260-1b3f618e03e0","success":true,"isManual":true,"workflowId":"8GNTSnv9GrXCwgdU","workflowName":"My workflow"}}
{"__type":"$$EventMessageConfirm","confirm":"0b3a737f-7004-4688-8929-01a7de79688c","ts":"2025-04-24T09:12:30.793-04:00","source":{"id":"0","name":"eventBus"}}
{"__type":"$$EventMessageWorkflow","id":"ec5b3573-d5a3-4de6-8352-a71402b47d26","ts":"2025-04-24T09:12:34.912-04:00","eventName":"n8n.workflow.started","message":"n8n.workflow.started","payload":{"executionId":"11","workflowId":"8GNTSnv9GrXCwgdU","isManual":false,"workflowName":"My workflow"}}
{"__type":"$$EventMessageConfirm","confirm":"ec5b3573-d5a3-4de6-8352-a71402b47d26","ts":"2025-04-24T09:12:34.912-04:00","source":{"id":"0","name":"eventBus"}}
{"__type":"$$EventMessageWorkflow","id":"860a5b46-bd8e-42fa-8a71-ae23fad4fb81","ts":"2025-04-24T09:12:34.917-04:00","eventName":"n8n.workflow.success","message":"n8n.workflow.success","payload":{"executionId":"11","userId":"ce682fe5-410d-483b-9260-1b3f618e03e0","success":true,"isManual":true,"workflowId":"8GNTSnv9GrXCwgdU","workflowName":"My workflow"}}
{"__type":"$$EventMessageConfirm","confirm":"860a5b46-bd8e-42fa-8a71-ae23fad4fb81","ts":"2025-04-24T09:12:34.917-04:00","source":{"id":"0","name":"eventBus"}}
{"__type":"$$EventMessageWorkflow","id":"820e2030-e489-489b-b835-2b75e82caae6","ts":"2025-04-24T09:12:50.521-04:00","eventName":"n8n.workflow.failed","message":"n8n.workflow.failed","payload":{"executionId":"12","userId":"ce682fe5-410d-483b-9260-1b3f618e03e0","success":false,"isManual":true,"workflowId":"8GNTSnv9GrXCwgdU","workflowName":"My workflow","errorMessage":"The workflow has issues and cannot be executed for that reason. Please fix them first."}}
{"__type":"$$EventMessageConfirm","confirm":"820e2030-e489-489b-b835-2b75e82caae6","ts":"2025-04-24T09:12:50.521-04:00","source":{"id":"0","name":"eventBus"}}
{"__type":"$$EventMessageWorkflow","id":"4c99dc96-062e-4f07-bbb5-17b23827bc83","ts":"2025-04-24T09:13:35.785-04:00","eventName":"n8n.workflow.started","message":"n8n.workflow.started","payload":{"executionId":"13","workflowId":"8GNTSnv9GrXCwgdU","isManual":false,"workflowName":"My workflow"}}
{"__type":"$$EventMessageConfirm","confirm":"4c99dc96-062e-4f07-bbb5-17b23827bc83","ts":"2025-04-24T09:13:35.785-04:00","source":{"id":"0","name":"eventBus"}}
{"__type":"$$EventMessageWorkflow","id":"3fe146c7-a85e-45e6-85e5-2e96bfd63454","ts":"2025-04-24T09:13:35.791-04:00","eventName":"n8n.workflow.success","message":"n8n.workflow.success","payload":{"executionId":"13","userId":"ce682fe5-410d-483b-9260-1b3f618e03e0","success":true,"isManual":true,"workflowId":"8GNTSnv9GrXCwgdU","workflowName":"My workflow"}}
{"__type":"$$EventMessageConfirm","confirm":"3fe146c7-a85e-45e6-85e5-2e96bfd63454","ts":"2025-04-24T09:13:35.791-04:00","source":{"id":"0","name":"eventBus"}}
{"__type":"$$EventMessageWorkflow","id":"776a4618-a06e-423e-abfd-dc176fb39b1d","ts":"2025-04-24T09:13:38.757-04:00","eventName":"n8n.workflow.failed","message":"n8n.workflow.failed","payload":{"executionId":"14","userId":"ce682fe5-410d-483b-9260-1b3f618e03e0","success":false,"isManual":true,"workflowId":"8GNTSnv9GrXCwgdU","workflowName":"My workflow","errorMessage":"The workflow has issues and cannot be executed for that reason. Please fix them first."}}
{"__type":"$$EventMessageConfirm","confirm":"776a4618-a06e-423e-abfd-dc176fb39b1d","ts":"2025-04-24T09:13:38.757-04:00","source":{"id":"0","name":"eventBus"}}
{"__type":"$$EventMessageWorkflow","id":"125885e2-56f5-4c41-865b-f73d1ef59a87","ts":"2025-04-24T09:14:10.541-04:00","eventName":"n8n.workflow.started","message":"n8n.workflow.started","payload":{"executionId":"15","workflowId":"8GNTSnv9GrXCwgdU","isManual":false,"workflowName":"My workflow"}}
{"__type":"$$EventMessageConfirm","confirm":"125885e2-56f5-4c41-865b-f73d1ef59a87","ts":"2025-04-24T09:14:10.542-04:00","source":{"id":"0","name":"eventBus"}}
{"__type":"$$EventMessageWorkflow","id":"43c3ab97-d034-42b3-8606-d20413d703df","ts":"2025-04-24T09:14:10.546-04:00","eventName":"n8n.workflow.success","message":"n8n.workflow.success","payload":{"executionId":"15","userId":"ce682fe5-410d-483b-9260-1b3f618e03e0","success":true,"isManual":true,"workflowId":"8GNTSnv9GrXCwgdU","workflowName":"My workflow"}}
{"__type":"$$EventMessageConfirm","confirm":"43c3ab97-d034-42b3-8606-d20413d703df","ts":"2025-04-24T09:14:10.546-04:00","source":{"id":"0","name":"eventBus"}}
{"__type":"$$EventMessageWorkflow","id":"ac33b9ac-d657-42c7-ad80-da05d8578e32","ts":"2025-04-24T09:14:20.807-04:00","eventName":"n8n.workflow.failed","message":"n8n.workflow.failed","payload":{"executionId":"16","userId":"ce682fe5-410d-483b-9260-1b3f618e03e0","success":false,"isManual":true,"workflowId":"8GNTSnv9GrXCwgdU","workflowName":"My workflow","errorMessage":"The workflow has issues and cannot be executed for that reason. Please fix them first."}}
{"__type":"$$EventMessageConfirm","confirm":"ac33b9ac-d657-42c7-ad80-da05d8578e32","ts":"2025-04-24T09:14:20.807-04:00","source":{"id":"0","name":"eventBus"}}
{"__type":"$$EventMessageAudit","id":"a5550d41-f7ec-4018-84f7-bcfcda1053f4","ts":"2025-04-24T09:16:35.304-04:00","eventName":"n8n.audit.user.credentials.updated","message":"n8n.audit.user.credentials.updated","payload":{"userId":"ce682fe5-410d-483b-9260-1b3f618e03e0","_email":"frexozagsap@yandex.ru","_firstName":"Ivan","_lastName":"Hrustalev","globalRole":"global:owner","credentialType":"postgres","credentialId":"PybROpP8Kh8Y0Ci9"}}
{"__type":"$$EventMessageConfirm","confirm":"a5550d41-f7ec-4018-84f7-bcfcda1053f4","ts":"2025-04-24T09:16:35.304-04:00","source":{"id":"0","name":"eventBus"}}
{"__type":"$$EventMessageWorkflow","id":"63739134-6c99-4743-af35-bfba925b15e2","ts":"2025-04-24T09:16:50.121-04:00","eventName":"n8n.workflow.failed","message":"n8n.workflow.failed","payload":{"executionId":"17","userId":"ce682fe5-410d-483b-9260-1b3f618e03e0","success":false,"isManual":true,"workflowId":"8GNTSnv9GrXCwgdU","workflowName":"My workflow","errorMessage":"The workflow has issues and cannot be executed for that reason. Please fix them first."}}
{"__type":"$$EventMessageConfirm","confirm":"63739134-6c99-4743-af35-bfba925b15e2","ts":"2025-04-24T09:16:50.122-04:00","source":{"id":"0","name":"eventBus"}}
{"__type":"$$EventMessageWorkflow","id":"43daabae-3462-4173-809b-2f3d6cf8f760","ts":"2025-04-24T09:18:08.573-04:00","eventName":"n8n.workflow.started","message":"n8n.workflow.started","payload":{"executionId":"18","workflowId":"8GNTSnv9GrXCwgdU","isManual":false,"workflowName":"My workflow"}}
{"__type":"$$EventMessageConfirm","confirm":"43daabae-3462-4173-809b-2f3d6cf8f760","ts":"2025-04-24T09:18:08.573-04:00","source":{"id":"0","name":"eventBus"}}
{"__type":"$$EventMessageNode","id":"e678b29a-539d-424a-a21b-dcd5fb68d4d8","ts":"2025-04-24T09:18:08.574-04:00","eventName":"n8n.node.started","message":"n8n.node.started","payload":{"workflowId":"8GNTSnv9GrXCwgdU","workflowName":"My workflow","executionId":"18","nodeType":"n8n-nodes-base.postgres","nodeName":"Postgres2"}}
{"__type":"$$EventMessageConfirm","confirm":"e678b29a-539d-424a-a21b-dcd5fb68d4d8","ts":"2025-04-24T09:18:08.574-04:00","source":{"id":"0","name":"eventBus"}}
{"__type":"$$EventMessageNode","id":"adbc04a1-708c-48c7-8f9d-d58180567062","ts":"2025-04-24T09:18:09.042-04:00","eventName":"n8n.node.finished","message":"n8n.node.finished","payload":{"workflowId":"8GNTSnv9GrXCwgdU","workflowName":"My workflow","executionId":"18","nodeType":"n8n-nodes-base.postgres","nodeName":"Postgres2"}}
{"__type":"$$EventMessageConfirm","confirm":"adbc04a1-708c-48c7-8f9d-d58180567062","ts":"2025-04-24T09:18:09.042-04:00","source":{"id":"0","name":"eventBus"}}
{"__type":"$$EventMessageWorkflow","id":"1e82680c-c13a-4024-a7e0-930a889f22c5","ts":"2025-04-24T09:18:09.047-04:00","eventName":"n8n.workflow.success","message":"n8n.workflow.success","payload":{"executionId":"18","userId":"ce682fe5-410d-483b-9260-1b3f618e03e0","success":true,"isManual":true,"workflowId":"8GNTSnv9GrXCwgdU","workflowName":"My workflow"}}
{"__type":"$$EventMessageConfirm","confirm":"1e82680c-c13a-4024-a7e0-930a889f22c5","ts":"2025-04-24T09:18:09.047-04:00","source":{"id":"0","name":"eventBus"}}
{"__type":"$$EventMessageWorkflow","id":"ce999d58-4a04-45a5-89c3-8588a0aac295","ts":"2025-04-24T09:18:14.676-04:00","eventName":"n8n.workflow.failed","message":"n8n.workflow.failed","payload":{"executionId":"19","userId":"ce682fe5-410d-483b-9260-1b3f618e03e0","success":false,"isManual":true,"workflowId":"8GNTSnv9GrXCwgdU","workflowName":"My workflow","errorMessage":"The workflow has issues and cannot be executed for that reason. Please fix them first."}}
{"__type":"$$EventMessageConfirm","confirm":"ce999d58-4a04-45a5-89c3-8588a0aac295","ts":"2025-04-24T09:18:14.676-04:00","source":{"id":"0","name":"eventBus"}}
{"__type":"$$EventMessageWorkflow","id":"77ac2b8f-da92-4b6f-be95-7ea8e4219d7f","ts":"2025-04-24T09:19:30.782-04:00","eventName":"n8n.workflow.started","message":"n8n.workflow.started","payload":{"executionId":"20","workflowId":"8GNTSnv9GrXCwgdU","isManual":false,"workflowName":"My workflow"}}
{"__type":"$$EventMessageConfirm","confirm":"77ac2b8f-da92-4b6f-be95-7ea8e4219d7f","ts":"2025-04-24T09:19:30.782-04:00","source":{"id":"0","name":"eventBus"}}
{"__type":"$$EventMessageNode","id":"c6b339a7-39d9-43d6-a5f8-d5e85b966c63","ts":"2025-04-24T09:19:30.783-04:00","eventName":"n8n.node.started","message":"n8n.node.started","payload":{"workflowId":"8GNTSnv9GrXCwgdU","workflowName":"My workflow","executionId":"20","nodeType":"n8n-nodes-base.telegramTrigger","nodeName":"Getting request"}}
{"__type":"$$EventMessageConfirm","confirm":"c6b339a7-39d9-43d6-a5f8-d5e85b966c63","ts":"2025-04-24T09:19:30.783-04:00","source":{"id":"0","name":"eventBus"}}
{"__type":"$$EventMessageNode","id":"e11b07e8-4ff8-4e8b-847a-bc34a7be09ff","ts":"2025-04-24T09:19:30.784-04:00","eventName":"n8n.node.finished","message":"n8n.node.finished","payload":{"workflowId":"8GNTSnv9GrXCwgdU","workflowName":"My workflow","executionId":"20","nodeType":"n8n-nodes-base.telegramTrigger","nodeName":"Getting request"}}
{"__type":"$$EventMessageConfirm","confirm":"e11b07e8-4ff8-4e8b-847a-bc34a7be09ff","ts":"2025-04-24T09:19:30.785-04:00","source":{"id":"0","name":"eventBus"}}
{"__type":"$$EventMessageNode","id":"d9131ede-8909-4107-b45c-1abb734357ff","ts":"2025-04-24T09:19:30.785-04:00","eventName":"n8n.node.started","message":"n8n.node.started","payload":{"workflowId":"8GNTSnv9GrXCwgdU","workflowName":"My workflow","executionId":"20","nodeType":"n8n-nodes-base.if","nodeName":"start handler"}}
{"__type":"$$EventMessageConfirm","confirm":"d9131ede-8909-4107-b45c-1abb734357ff","ts":"2025-04-24T09:19:30.785-04:00","source":{"id":"0","name":"eventBus"}}
{"__type":"$$EventMessageNode","id":"6d9bab41-d30f-4f93-b195-6206e7065cc3","ts":"2025-04-24T09:19:30.789-04:00","eventName":"n8n.node.finished","message":"n8n.node.finished","payload":{"workflowId":"8GNTSnv9GrXCwgdU","workflowName":"My workflow","executionId":"20","nodeType":"n8n-nodes-base.if","nodeName":"start handler"}}
{"__type":"$$EventMessageConfirm","confirm":"6d9bab41-d30f-4f93-b195-6206e7065cc3","ts":"2025-04-24T09:19:30.789-04:00","source":{"id":"0","name":"eventBus"}}
{"__type":"$$EventMessageNode","id":"44300e1e-3a73-4f2d-afe2-af24c11954a9","ts":"2025-04-24T09:19:30.790-04:00","eventName":"n8n.node.started","message":"n8n.node.started","payload":{"workflowId":"8GNTSnv9GrXCwgdU","workflowName":"My workflow","executionId":"20","nodeType":"n8n-nodes-base.code","nodeName":"sanitizer"}}
{"__type":"$$EventMessageConfirm","confirm":"44300e1e-3a73-4f2d-afe2-af24c11954a9","ts":"2025-04-24T09:19:30.790-04:00","source":{"id":"0","name":"eventBus"}}
{"__type":"$$EventMessageNode","id":"38fc1944-fa6e-4921-8dda-055cd9ce8c57","ts":"2025-04-24T09:19:30.802-04:00","eventName":"n8n.node.finished","message":"n8n.node.finished","payload":{"workflowId":"8GNTSnv9GrXCwgdU","workflowName":"My workflow","executionId":"20","nodeType":"n8n-nodes-base.code","nodeName":"sanitizer"}}
{"__type":"$$EventMessageConfirm","confirm":"38fc1944-fa6e-4921-8dda-055cd9ce8c57","ts":"2025-04-24T09:19:30.802-04:00","source":{"id":"0","name":"eventBus"}}
{"__type":"$$EventMessageWorkflow","id":"0b3d8292-95be-440f-8366-9a50b7893239","ts":"2025-04-24T09:19:30.808-04:00","eventName":"n8n.workflow.failed","message":"n8n.workflow.failed","payload":{"executionId":"20","userId":"ce682fe5-410d-483b-9260-1b3f618e03e0","success":false,"isManual":true,"workflowId":"8GNTSnv9GrXCwgdU","workflowName":"My workflow","lastNodeExecuted":"sanitizer","errorNodeType":"n8n-nodes-base.code","errorMessage":"Cannot read properties of undefined (reading 'text') [line 1]"}}
{"__type":"$$EventMessageConfirm","confirm":"0b3d8292-95be-440f-8366-9a50b7893239","ts":"2025-04-24T09:19:30.808-04:00","source":{"id":"0","name":"eventBus"}}
{"__type":"$$EventMessageWorkflow","id":"5889529f-5134-4ff7-8035-de643057e5a8","ts":"2025-04-24T09:20:46.773-04:00","eventName":"n8n.workflow.started","message":"n8n.workflow.started","payload":{"executionId":"21","workflowId":"8GNTSnv9GrXCwgdU","isManual":false,"workflowName":"My workflow"}}
{"__type":"$$EventMessageConfirm","confirm":"5889529f-5134-4ff7-8035-de643057e5a8","ts":"2025-04-24T09:20:46.774-04:00","source":{"id":"0","name":"eventBus"}}
{"__type":"$$EventMessageWorkflow","id":"1b308856-57ad-4e4b-b394-d62793ae4737","ts":"2025-04-24T09:20:46.779-04:00","eventName":"n8n.workflow.success","message":"n8n.workflow.success","payload":{"executionId":"21","userId":"ce682fe5-410d-483b-9260-1b3f618e03e0","success":true,"isManual":true,"workflowId":"8GNTSnv9GrXCwgdU","workflowName":"My workflow"}}
{"__type":"$$EventMessageConfirm","confirm":"1b308856-57ad-4e4b-b394-d62793ae4737","ts":"2025-04-24T09:20:46.779-04:00","source":{"id":"0","name":"eventBus"}}
{"__type":"$$EventMessageWorkflow","id":"80f50527-da21-4353-bcca-13d62a16e011","ts":"2025-04-24T09:21:07.493-04:00","eventName":"n8n.workflow.started","message":"n8n.workflow.started","payload":{"executionId":"22","workflowId":"8GNTSnv9GrXCwgdU","isManual":false,"workflowName":"My workflow"}}
{"__type":"$$EventMessageConfirm","confirm":"80f50527-da21-4353-bcca-13d62a16e011","ts":"2025-04-24T09:21:07.493-04:00","source":{"id":"0","name":"eventBus"}}
{"__type":"$$EventMessageWorkflow","id":"a9ba9ff4-d153-4f18-a054-53414d1a881d","ts":"2025-04-24T09:21:07.498-04:00","eventName":"n8n.workflow.success","message":"n8n.workflow.success","payload":{"executionId":"22","userId":"ce682fe5-410d-483b-9260-1b3f618e03e0","success":true,"isManual":true,"workflowId":"8GNTSnv9GrXCwgdU","workflowName":"My workflow"}}
{"__type":"$$EventMessageConfirm","confirm":"a9ba9ff4-d153-4f18-a054-53414d1a881d","ts":"2025-04-24T09:21:07.498-04:00","source":{"id":"0","name":"eventBus"}}
