{"__type":"$$EventMessageWorkflow","id":"5e10012e-2c0e-4aab-98e8-c67964fee7ef","ts":"2025-04-24T14:38:51.092+00:00","eventName":"n8n.workflow.started","message":"n8n.workflow.started","payload":{"executionId":"29","workflowId":"8GNTSnv9GrXCwgdU","isManual":false,"workflowName":"My workflow"}}
{"__type":"$$EventMessageConfirm","confirm":"5e10012e-2c0e-4aab-98e8-c67964fee7ef","ts":"2025-04-24T14:38:51.093+00:00","source":{"id":"0","name":"eventBus"}}
{"__type":"$$EventMessageWorkflow","id":"fb3db87d-8cb1-4b2f-8701-a87d77274b2a","ts":"2025-04-24T14:38:51.108+00:00","eventName":"n8n.workflow.success","message":"n8n.workflow.success","payload":{"executionId":"29","userId":"ce682fe5-410d-483b-9260-1b3f618e03e0","success":true,"isManual":true,"workflowId":"8GNTSnv9GrXCwgdU","workflowName":"My workflow"}}
{"__type":"$$EventMessageConfirm","confirm":"fb3db87d-8cb1-4b2f-8701-a87d77274b2a","ts":"2025-04-24T14:38:51.108+00:00","source":{"id":"0","name":"eventBus"}}
{"__type":"$$EventMessageWorkflow","id":"81bec4ed-aed5-4616-8f9c-bb2871e49227","ts":"2025-04-24T14:39:07.519+00:00","eventName":"n8n.workflow.started","message":"n8n.workflow.started","payload":{"executionId":"30","workflowId":"8GNTSnv9GrXCwgdU","isManual":false,"workflowName":"My workflow"}}
{"__type":"$$EventMessageConfirm","confirm":"81bec4ed-aed5-4616-8f9c-bb2871e49227","ts":"2025-04-24T14:39:07.520+00:00","source":{"id":"0","name":"eventBus"}}
{"__type":"$$EventMessageWorkflow","id":"32528b3e-fb26-4d88-bf56-ace6fa6da44e","ts":"2025-04-24T14:39:07.528+00:00","eventName":"n8n.workflow.success","message":"n8n.workflow.success","payload":{"executionId":"30","userId":"ce682fe5-410d-483b-9260-1b3f618e03e0","success":true,"isManual":true,"workflowId":"8GNTSnv9GrXCwgdU","workflowName":"My workflow"}}
{"__type":"$$EventMessageConfirm","confirm":"32528b3e-fb26-4d88-bf56-ace6fa6da44e","ts":"2025-04-24T14:39:07.528+00:00","source":{"id":"0","name":"eventBus"}}
{"__type":"$$EventMessageWorkflow","id":"406207a6-9421-4bde-a111-ebd98a8f9c60","ts":"2025-04-24T14:47:46.088+00:00","eventName":"n8n.workflow.started","message":"n8n.workflow.started","payload":{"executionId":"31","workflowId":"8GNTSnv9GrXCwgdU","isManual":false,"workflowName":"My workflow"}}
{"__type":"$$EventMessageConfirm","confirm":"406207a6-9421-4bde-a111-ebd98a8f9c60","ts":"2025-04-24T14:47:46.088+00:00","source":{"id":"0","name":"eventBus"}}
{"__type":"$$EventMessageWorkflow","id":"49afb61a-3beb-41ac-b385-1658dc314722","ts":"2025-04-24T14:47:46.095+00:00","eventName":"n8n.workflow.success","message":"n8n.workflow.success","payload":{"executionId":"31","userId":"ce682fe5-410d-483b-9260-1b3f618e03e0","success":true,"isManual":true,"workflowId":"8GNTSnv9GrXCwgdU","workflowName":"My workflow"}}
{"__type":"$$EventMessageConfirm","confirm":"49afb61a-3beb-41ac-b385-1658dc314722","ts":"2025-04-24T14:47:46.095+00:00","source":{"id":"0","name":"eventBus"}}
{"__type":"$$EventMessageWorkflow","id":"a703fc48-69a3-4a06-ac67-0f4e76d71d4a","ts":"2025-04-24T14:51:43.798+00:00","eventName":"n8n.workflow.started","message":"n8n.workflow.started","payload":{"executionId":"32","workflowId":"8GNTSnv9GrXCwgdU","isManual":false,"workflowName":"My workflow"}}
{"__type":"$$EventMessageConfirm","confirm":"a703fc48-69a3-4a06-ac67-0f4e76d71d4a","ts":"2025-04-24T14:51:43.798+00:00","source":{"id":"0","name":"eventBus"}}
{"__type":"$$EventMessageWorkflow","id":"21e64dc8-3a10-4b2b-8b8c-2353e76975bf","ts":"2025-04-24T14:51:43.805+00:00","eventName":"n8n.workflow.success","message":"n8n.workflow.success","payload":{"executionId":"32","userId":"ce682fe5-410d-483b-9260-1b3f618e03e0","success":true,"isManual":true,"workflowId":"8GNTSnv9GrXCwgdU","workflowName":"My workflow"}}
{"__type":"$$EventMessageConfirm","confirm":"21e64dc8-3a10-4b2b-8b8c-2353e76975bf","ts":"2025-04-24T14:51:43.805+00:00","source":{"id":"0","name":"eventBus"}}
{"__type":"$$EventMessageWorkflow","id":"506f3a90-d627-4c7a-a787-ca278753650a","ts":"2025-04-24T14:51:53.155+00:00","eventName":"n8n.workflow.started","message":"n8n.workflow.started","payload":{"executionId":"33","workflowId":"8GNTSnv9GrXCwgdU","isManual":false,"workflowName":"My workflow"}}
{"__type":"$$EventMessageConfirm","confirm":"506f3a90-d627-4c7a-a787-ca278753650a","ts":"2025-04-24T14:51:53.155+00:00","source":{"id":"0","name":"eventBus"}}
{"__type":"$$EventMessageWorkflow","id":"71a8d87b-36c7-4a33-a843-904c592f2a43","ts":"2025-04-24T14:51:53.163+00:00","eventName":"n8n.workflow.success","message":"n8n.workflow.success","payload":{"executionId":"33","userId":"ce682fe5-410d-483b-9260-1b3f618e03e0","success":true,"isManual":true,"workflowId":"8GNTSnv9GrXCwgdU","workflowName":"My workflow"}}
{"__type":"$$EventMessageConfirm","confirm":"71a8d87b-36c7-4a33-a843-904c592f2a43","ts":"2025-04-24T14:51:53.163+00:00","source":{"id":"0","name":"eventBus"}}
{"__type":"$$EventMessageWorkflow","id":"9b741f6e-a29d-4eaf-aefc-31ccf4e3f425","ts":"2025-04-24T14:52:07.569+00:00","eventName":"n8n.workflow.started","message":"n8n.workflow.started","payload":{"executionId":"34","workflowId":"8GNTSnv9GrXCwgdU","isManual":false,"workflowName":"My workflow"}}
{"__type":"$$EventMessageConfirm","confirm":"9b741f6e-a29d-4eaf-aefc-31ccf4e3f425","ts":"2025-04-24T14:52:07.569+00:00","source":{"id":"0","name":"eventBus"}}
{"__type":"$$EventMessageWorkflow","id":"36b853e8-f388-4328-9ee4-121b14f363a0","ts":"2025-04-24T14:52:07.574+00:00","eventName":"n8n.workflow.success","message":"n8n.workflow.success","payload":{"executionId":"34","userId":"ce682fe5-410d-483b-9260-1b3f618e03e0","success":true,"isManual":true,"workflowId":"8GNTSnv9GrXCwgdU","workflowName":"My workflow"}}
{"__type":"$$EventMessageConfirm","confirm":"36b853e8-f388-4328-9ee4-121b14f363a0","ts":"2025-04-24T14:52:07.574+00:00","source":{"id":"0","name":"eventBus"}}
{"__type":"$$EventMessageWorkflow","id":"c10b41eb-1376-4998-8721-b9c90cb9da85","ts":"2025-04-24T14:53:09.632+00:00","eventName":"n8n.workflow.started","message":"n8n.workflow.started","payload":{"executionId":"35","workflowId":"8GNTSnv9GrXCwgdU","isManual":false,"workflowName":"My workflow"}}
{"__type":"$$EventMessageConfirm","confirm":"c10b41eb-1376-4998-8721-b9c90cb9da85","ts":"2025-04-24T14:53:09.632+00:00","source":{"id":"0","name":"eventBus"}}
{"__type":"$$EventMessageWorkflow","id":"c4944205-314b-4759-accc-8e9d42d39382","ts":"2025-04-24T14:53:09.637+00:00","eventName":"n8n.workflow.success","message":"n8n.workflow.success","payload":{"executionId":"35","userId":"ce682fe5-410d-483b-9260-1b3f618e03e0","success":true,"isManual":true,"workflowId":"8GNTSnv9GrXCwgdU","workflowName":"My workflow"}}
{"__type":"$$EventMessageConfirm","confirm":"c4944205-314b-4759-accc-8e9d42d39382","ts":"2025-04-24T14:53:09.637+00:00","source":{"id":"0","name":"eventBus"}}
{"__type":"$$EventMessageWorkflow","id":"f32582c5-2a32-4568-9a56-7a487f42cf21","ts":"2025-04-24T14:53:18.539+00:00","eventName":"n8n.workflow.failed","message":"n8n.workflow.failed","payload":{"executionId":"36","userId":"ce682fe5-410d-483b-9260-1b3f618e03e0","success":false,"isManual":true,"workflowId":"8GNTSnv9GrXCwgdU","workflowName":"My workflow","errorMessage":"Connect a trigger to run this node"}}
{"__type":"$$EventMessageConfirm","confirm":"f32582c5-2a32-4568-9a56-7a487f42cf21","ts":"2025-04-24T14:53:18.540+00:00","source":{"id":"0","name":"eventBus"}}
{"__type":"$$EventMessageWorkflow","id":"2d21d068-2008-4ee5-a3f0-3f4064b63433","ts":"2025-04-24T14:53:27.519+00:00","eventName":"n8n.workflow.started","message":"n8n.workflow.started","payload":{"executionId":"37","workflowId":"8GNTSnv9GrXCwgdU","isManual":false,"workflowName":"My workflow"}}
{"__type":"$$EventMessageConfirm","confirm":"2d21d068-2008-4ee5-a3f0-3f4064b63433","ts":"2025-04-24T14:53:27.519+00:00","source":{"id":"0","name":"eventBus"}}
{"__type":"$$EventMessageNode","id":"ece8b927-5ea5-4a9c-86a8-806e3be2a9c0","ts":"2025-04-24T14:53:27.520+00:00","eventName":"n8n.node.started","message":"n8n.node.started","payload":{"workflowId":"8GNTSnv9GrXCwgdU","workflowName":"My workflow","executionId":"37","nodeType":"n8n-nodes-base.manualTrigger","nodeName":"When clicking ‘Test workflow’"}}
{"__type":"$$EventMessageConfirm","confirm":"ece8b927-5ea5-4a9c-86a8-806e3be2a9c0","ts":"2025-04-24T14:53:27.520+00:00","source":{"id":"0","name":"eventBus"}}
{"__type":"$$EventMessageNode","id":"ce7b0eb2-28a7-420e-bb95-fffb7f991842","ts":"2025-04-24T14:53:27.524+00:00","eventName":"n8n.node.finished","message":"n8n.node.finished","payload":{"workflowId":"8GNTSnv9GrXCwgdU","workflowName":"My workflow","executionId":"37","nodeType":"n8n-nodes-base.manualTrigger","nodeName":"When clicking ‘Test workflow’"}}
{"__type":"$$EventMessageConfirm","confirm":"ce7b0eb2-28a7-420e-bb95-fffb7f991842","ts":"2025-04-24T14:53:27.524+00:00","source":{"id":"0","name":"eventBus"}}
{"__type":"$$EventMessageNode","id":"088bcb9a-5138-4772-ba91-a8668394e658","ts":"2025-04-24T14:53:27.525+00:00","eventName":"n8n.node.started","message":"n8n.node.started","payload":{"workflowId":"8GNTSnv9GrXCwgdU","workflowName":"My workflow","executionId":"37","nodeType":"n8n-nodes-base.httpRequest","nodeName":"HTTP Request"}}
{"__type":"$$EventMessageConfirm","confirm":"088bcb9a-5138-4772-ba91-a8668394e658","ts":"2025-04-24T14:53:27.525+00:00","source":{"id":"0","name":"eventBus"}}
{"__type":"$$EventMessageNode","id":"f705cf8a-7bba-451f-9c41-aecf8af95019","ts":"2025-04-24T14:53:28.110+00:00","eventName":"n8n.node.finished","message":"n8n.node.finished","payload":{"workflowId":"8GNTSnv9GrXCwgdU","workflowName":"My workflow","executionId":"37","nodeType":"n8n-nodes-base.httpRequest","nodeName":"HTTP Request"}}
{"__type":"$$EventMessageConfirm","confirm":"f705cf8a-7bba-451f-9c41-aecf8af95019","ts":"2025-04-24T14:53:28.110+00:00","source":{"id":"0","name":"eventBus"}}
{"__type":"$$EventMessageWorkflow","id":"80e55ba6-7285-494f-9806-1663cbc3255a","ts":"2025-04-24T14:53:28.115+00:00","eventName":"n8n.workflow.success","message":"n8n.workflow.success","payload":{"executionId":"37","userId":"ce682fe5-410d-483b-9260-1b3f618e03e0","success":true,"isManual":true,"workflowId":"8GNTSnv9GrXCwgdU","workflowName":"My workflow"}}
{"__type":"$$EventMessageConfirm","confirm":"80e55ba6-7285-494f-9806-1663cbc3255a","ts":"2025-04-24T14:53:28.115+00:00","source":{"id":"0","name":"eventBus"}}
{"__type":"$$EventMessageWorkflow","id":"deb9ac75-02bc-4601-bed3-7b8ee82d7b48","ts":"2025-04-24T14:53:40.978+00:00","eventName":"n8n.workflow.started","message":"n8n.workflow.started","payload":{"executionId":"38","workflowId":"8GNTSnv9GrXCwgdU","isManual":false,"workflowName":"My workflow"}}
{"__type":"$$EventMessageConfirm","confirm":"deb9ac75-02bc-4601-bed3-7b8ee82d7b48","ts":"2025-04-24T14:53:40.978+00:00","source":{"id":"0","name":"eventBus"}}
{"__type":"$$EventMessageNode","id":"a134bd5e-832f-44e2-8ae0-0f7873684c0c","ts":"2025-04-24T14:53:40.978+00:00","eventName":"n8n.node.started","message":"n8n.node.started","payload":{"workflowId":"8GNTSnv9GrXCwgdU","workflowName":"My workflow","executionId":"38","nodeType":"n8n-nodes-base.telegramTrigger","nodeName":"Getting request"}}
{"__type":"$$EventMessageConfirm","confirm":"a134bd5e-832f-44e2-8ae0-0f7873684c0c","ts":"2025-04-24T14:53:40.978+00:00","source":{"id":"0","name":"eventBus"}}
{"__type":"$$EventMessageNode","id":"8f67b6ea-c836-4f27-8fca-289db89b3d19","ts":"2025-04-24T14:53:40.979+00:00","eventName":"n8n.node.finished","message":"n8n.node.finished","payload":{"workflowId":"8GNTSnv9GrXCwgdU","workflowName":"My workflow","executionId":"38","nodeType":"n8n-nodes-base.telegramTrigger","nodeName":"Getting request"}}
{"__type":"$$EventMessageConfirm","confirm":"8f67b6ea-c836-4f27-8fca-289db89b3d19","ts":"2025-04-24T14:53:40.979+00:00","source":{"id":"0","name":"eventBus"}}
{"__type":"$$EventMessageNode","id":"07d94604-0a26-4fdf-94e8-b1d0cbd8ab75","ts":"2025-04-24T14:53:40.980+00:00","eventName":"n8n.node.started","message":"n8n.node.started","payload":{"workflowId":"8GNTSnv9GrXCwgdU","workflowName":"My workflow","executionId":"38","nodeType":"n8n-nodes-base.if","nodeName":"start handler"}}
{"__type":"$$EventMessageConfirm","confirm":"07d94604-0a26-4fdf-94e8-b1d0cbd8ab75","ts":"2025-04-24T14:53:40.980+00:00","source":{"id":"0","name":"eventBus"}}
{"__type":"$$EventMessageNode","id":"4cc253a6-903e-42e4-b9d3-e7b68abb1e02","ts":"2025-04-24T10:53:41.030-04:00","eventName":"n8n.node.finished","message":"n8n.node.finished","payload":{"workflowId":"8GNTSnv9GrXCwgdU","workflowName":"My workflow","executionId":"38","nodeType":"n8n-nodes-base.if","nodeName":"start handler"}}
{"__type":"$$EventMessageConfirm","confirm":"4cc253a6-903e-42e4-b9d3-e7b68abb1e02","ts":"2025-04-24T10:53:41.030-04:00","source":{"id":"0","name":"eventBus"}}
{"__type":"$$EventMessageNode","id":"9bba6ea3-a066-4fb4-8674-06347e64518c","ts":"2025-04-24T10:53:41.031-04:00","eventName":"n8n.node.started","message":"n8n.node.started","payload":{"workflowId":"8GNTSnv9GrXCwgdU","workflowName":"My workflow","executionId":"38","nodeType":"n8n-nodes-base.code","nodeName":"sanitizer"}}
{"__type":"$$EventMessageConfirm","confirm":"9bba6ea3-a066-4fb4-8674-06347e64518c","ts":"2025-04-24T10:53:41.031-04:00","source":{"id":"0","name":"eventBus"}}
{"__type":"$$EventMessageNode","id":"786ef34a-5137-419b-ab67-47d6fd6a4eeb","ts":"2025-04-24T10:53:41.066-04:00","eventName":"n8n.node.finished","message":"n8n.node.finished","payload":{"workflowId":"8GNTSnv9GrXCwgdU","workflowName":"My workflow","executionId":"38","nodeType":"n8n-nodes-base.code","nodeName":"sanitizer"}}
{"__type":"$$EventMessageConfirm","confirm":"786ef34a-5137-419b-ab67-47d6fd6a4eeb","ts":"2025-04-24T10:53:41.066-04:00","source":{"id":"0","name":"eventBus"}}
{"__type":"$$EventMessageWorkflow","id":"deb1cf3c-8916-41d4-a1bc-8c38be2e699a","ts":"2025-04-24T10:53:41.073-04:00","eventName":"n8n.workflow.failed","message":"n8n.workflow.failed","payload":{"executionId":"38","userId":"ce682fe5-410d-483b-9260-1b3f618e03e0","success":false,"isManual":true,"workflowId":"8GNTSnv9GrXCwgdU","workflowName":"My workflow","lastNodeExecuted":"sanitizer","errorNodeType":"n8n-nodes-base.code","errorMessage":"Cannot read properties of undefined (reading 'text') [line 1]"}}
{"__type":"$$EventMessageConfirm","confirm":"deb1cf3c-8916-41d4-a1bc-8c38be2e699a","ts":"2025-04-24T10:53:41.073-04:00","source":{"id":"0","name":"eventBus"}}
{"__type":"$$EventMessageAudit","id":"0ad11512-76f3-461c-9116-54431f01613b","ts":"2025-04-24T10:54:35.351-04:00","eventName":"n8n.audit.workflow.updated","message":"n8n.audit.workflow.updated","payload":{"userId":"ce682fe5-410d-483b-9260-1b3f618e03e0","_email":"frexozagsap@yandex.ru","_firstName":"Ivan","_lastName":"Hrustalev","globalRole":"global:owner","workflowId":"8GNTSnv9GrXCwgdU","workflowName":"My workflow"}}
{"__type":"$$EventMessageConfirm","confirm":"0ad11512-76f3-461c-9116-54431f01613b","ts":"2025-04-24T10:54:35.351-04:00","source":{"id":"0","name":"eventBus"}}
