{"__type":"$$EventMessageAudit","id":"06e417d2-34a1-40b1-a3b8-8108523a348f","ts":"2025-04-24T13:26:36.477+00:00","eventName":"n8n.audit.workflow.updated","message":"n8n.audit.workflow.updated","payload":{"userId":"ce682fe5-410d-483b-9260-1b3f618e03e0","_email":"frexozagsap@yandex.ru","_firstName":"Ivan","_lastName":"Hrustalev","globalRole":"global:owner","workflowId":"8GNTSnv9GrXCwgdU","workflowName":"My workflow"}}
{"__type":"$$EventMessageConfirm","confirm":"06e417d2-34a1-40b1-a3b8-8108523a348f","ts":"2025-04-24T13:26:36.477+00:00","source":{"id":"0","name":"eventBus"}}
{"__type":"$$EventMessageWorkflow","id":"da81e445-32f2-43f1-b946-5170cb7cb05a","ts":"2025-04-24T13:26:42.013+00:00","eventName":"n8n.workflow.started","message":"n8n.workflow.started","payload":{"executionId":"23","workflowId":"8GNTSnv9GrXCwgdU","isManual":false,"workflowName":"My workflow"}}
{"__type":"$$EventMessageConfirm","confirm":"da81e445-32f2-43f1-b946-5170cb7cb05a","ts":"2025-04-24T13:26:42.013+00:00","source":{"id":"0","name":"eventBus"}}
{"__type":"$$EventMessageWorkflow","id":"79994408-a3c0-4ca6-989f-6c2a4f2ead2e","ts":"2025-04-24T13:26:42.024+00:00","eventName":"n8n.workflow.success","message":"n8n.workflow.success","payload":{"executionId":"23","userId":"ce682fe5-410d-483b-9260-1b3f618e03e0","success":true,"isManual":true,"workflowId":"8GNTSnv9GrXCwgdU","workflowName":"My workflow"}}
{"__type":"$$EventMessageConfirm","confirm":"79994408-a3c0-4ca6-989f-6c2a4f2ead2e","ts":"2025-04-24T13:26:42.025+00:00","source":{"id":"0","name":"eventBus"}}
{"__type":"$$EventMessageWorkflow","id":"96ebbf39-e88e-445c-8c5e-5ea1c9e295d9","ts":"2025-04-24T13:26:45.240+00:00","eventName":"n8n.workflow.started","message":"n8n.workflow.started","payload":{"executionId":"24","workflowId":"8GNTSnv9GrXCwgdU","isManual":false,"workflowName":"My workflow"}}
{"__type":"$$EventMessageConfirm","confirm":"96ebbf39-e88e-445c-8c5e-5ea1c9e295d9","ts":"2025-04-24T13:26:45.241+00:00","source":{"id":"0","name":"eventBus"}}
{"__type":"$$EventMessageWorkflow","id":"3ff4ae8c-4745-4dbf-86b0-24b1a6232929","ts":"2025-04-24T13:26:45.252+00:00","eventName":"n8n.workflow.success","message":"n8n.workflow.success","payload":{"executionId":"24","userId":"ce682fe5-410d-483b-9260-1b3f618e03e0","success":true,"isManual":true,"workflowId":"8GNTSnv9GrXCwgdU","workflowName":"My workflow"}}
{"__type":"$$EventMessageConfirm","confirm":"3ff4ae8c-4745-4dbf-86b0-24b1a6232929","ts":"2025-04-24T13:26:45.253+00:00","source":{"id":"0","name":"eventBus"}}
{"__type":"$$EventMessageWorkflow","id":"3fd24d93-62d9-4fc4-b328-87162819debc","ts":"2025-04-24T10:12:39.560-04:00","eventName":"n8n.workflow.started","message":"n8n.workflow.started","payload":{"executionId":"25","workflowId":"8GNTSnv9GrXCwgdU","isManual":false,"workflowName":"My workflow"}}
{"__type":"$$EventMessageConfirm","confirm":"3fd24d93-62d9-4fc4-b328-87162819debc","ts":"2025-04-24T10:12:39.564-04:00","source":{"id":"0","name":"eventBus"}}
{"__type":"$$EventMessageWorkflow","id":"76753f47-941c-4312-8589-00c4865061f5","ts":"2025-04-24T10:12:39.574-04:00","eventName":"n8n.workflow.success","message":"n8n.workflow.success","payload":{"executionId":"25","userId":"ce682fe5-410d-483b-9260-1b3f618e03e0","success":true,"isManual":true,"workflowId":"8GNTSnv9GrXCwgdU","workflowName":"My workflow"}}
{"__type":"$$EventMessageConfirm","confirm":"76753f47-941c-4312-8589-00c4865061f5","ts":"2025-04-24T10:12:39.574-04:00","source":{"id":"0","name":"eventBus"}}
{"__type":"$$EventMessageWorkflow","id":"51e7e375-79a2-43b8-a805-b62b28c31d04","ts":"2025-04-24T10:23:54.606-04:00","eventName":"n8n.workflow.started","message":"n8n.workflow.started","payload":{"executionId":"26","workflowId":"8GNTSnv9GrXCwgdU","isManual":false,"workflowName":"My workflow"}}
{"__type":"$$EventMessageConfirm","confirm":"51e7e375-79a2-43b8-a805-b62b28c31d04","ts":"2025-04-24T10:23:54.606-04:00","source":{"id":"0","name":"eventBus"}}
{"__type":"$$EventMessageWorkflow","id":"28489bdc-93f9-4569-a509-95627a8a854c","ts":"2025-04-24T10:23:54.612-04:00","eventName":"n8n.workflow.success","message":"n8n.workflow.success","payload":{"executionId":"26","userId":"ce682fe5-410d-483b-9260-1b3f618e03e0","success":true,"isManual":true,"workflowId":"8GNTSnv9GrXCwgdU","workflowName":"My workflow"}}
{"__type":"$$EventMessageConfirm","confirm":"28489bdc-93f9-4569-a509-95627a8a854c","ts":"2025-04-24T10:23:54.612-04:00","source":{"id":"0","name":"eventBus"}}
{"__type":"$$EventMessageWorkflow","id":"6ef3f1a4-4386-4c7c-8a88-5e99e2b0c41b","ts":"2025-04-24T10:24:09.549-04:00","eventName":"n8n.workflow.started","message":"n8n.workflow.started","payload":{"executionId":"27","workflowId":"8GNTSnv9GrXCwgdU","isManual":false,"workflowName":"My workflow"}}
{"__type":"$$EventMessageConfirm","confirm":"6ef3f1a4-4386-4c7c-8a88-5e99e2b0c41b","ts":"2025-04-24T10:24:09.550-04:00","source":{"id":"0","name":"eventBus"}}
{"__type":"$$EventMessageWorkflow","id":"2bebcbaf-2ab1-4f14-aac5-1143ed8fec65","ts":"2025-04-24T10:24:09.556-04:00","eventName":"n8n.workflow.success","message":"n8n.workflow.success","payload":{"executionId":"27","userId":"ce682fe5-410d-483b-9260-1b3f618e03e0","success":true,"isManual":true,"workflowId":"8GNTSnv9GrXCwgdU","workflowName":"My workflow"}}
{"__type":"$$EventMessageConfirm","confirm":"2bebcbaf-2ab1-4f14-aac5-1143ed8fec65","ts":"2025-04-24T10:24:09.556-04:00","source":{"id":"0","name":"eventBus"}}
{"__type":"$$EventMessageWorkflow","id":"4123228e-b2e3-437e-8499-aab2fe72f19c","ts":"2025-04-24T10:26:27.338-04:00","eventName":"n8n.workflow.started","message":"n8n.workflow.started","payload":{"executionId":"28","workflowId":"8GNTSnv9GrXCwgdU","isManual":false,"workflowName":"My workflow"}}
{"__type":"$$EventMessageConfirm","confirm":"4123228e-b2e3-437e-8499-aab2fe72f19c","ts":"2025-04-24T10:26:27.338-04:00","source":{"id":"0","name":"eventBus"}}
{"__type":"$$EventMessageWorkflow","id":"a0107811-7079-4b7d-a55b-ce2786f51ab4","ts":"2025-04-24T10:26:27.343-04:00","eventName":"n8n.workflow.success","message":"n8n.workflow.success","payload":{"executionId":"28","userId":"ce682fe5-410d-483b-9260-1b3f618e03e0","success":true,"isManual":true,"workflowId":"8GNTSnv9GrXCwgdU","workflowName":"My workflow"}}
{"__type":"$$EventMessageConfirm","confirm":"a0107811-7079-4b7d-a55b-ce2786f51ab4","ts":"2025-04-24T10:26:27.343-04:00","source":{"id":"0","name":"eventBus"}}
